<?xml version="1.0" encoding="UTF-8"?>
<!-- Generated by org.testng.reporters.JUnitReportReporter -->
<testsuite hostname="Ravidev-Gills-MacBook-Pro.local" name="com.spindrift.qa.automation.seleniumframework.core.TestCaseSeleniumAutoInitTest" tests="1" failures="0" timestamp="5 Jan 2012 22:44:04 GMT" time="1.496" errors="0">
  <testcase name="goToGoogle" time="1.496" classname="com.spindrift.qa.automation.seleniumframework.core.TestCaseSeleniumAutoInitTest"/>
</testsuite>
