<?xml version="1.0" encoding="UTF-8"?>
<!-- Generated by org.testng.reporters.JUnitReportReporter -->
<testsuite hostname="Ravidev-Gills-MacBook-Pro.local" name="com.spindrift.qa.automation.seleniumframework.core.TestcaseTest" tests="1" failures="0" timestamp="5 Aug 2011 23:27:12 GMT" time="0.920" errors="0">
  <testcase name="testBrowserOpenWithGivenBrowser" time="0.920" classname="com.spindrift.qa.automation.seleniumframework.core.TestcaseTest"/>
</testsuite>
