<?xml version="1.0" encoding="UTF-8"?>
<!-- Generated by org.testng.reporters.JUnitReportReporter -->
<testsuite hostname="Ravidev-Gills-MacBook-Pro.local" name="com.spindrift.qa.automation.seleniumframework.core.WebDriverTest" tests="4" failures="0" timestamp="5 Jan 2012 16:37:16 GMT" time="9.274" errors="0">
  <testcase name="testWebdriverBackedSeleniumWithHtmlUnit" time="0.274" classname="com.spindrift.qa.automation.seleniumframework.core.WebDriverTest"/>
  <testcase name="testFirefoxDriver" time="5.299" classname="com.spindrift.qa.automation.seleniumframework.core.WebDriverTest"/>
  <testcase name="testHtmlUnitDriver" time="1.605" classname="com.spindrift.qa.automation.seleniumframework.core.WebDriverTest"/>
  <testcase name="testWebdriverBackedSeleniumWithFirefox" time="2.096" classname="com.spindrift.qa.automation.seleniumframework.core.WebDriverTest"/>
</testsuite>
