<?xml version="1.0" encoding="UTF-8"?>
<!-- Generated by org.testng.reporters.JUnitReportReporter -->
<testsuite hostname="Ravidev-Gills-MacBook-Pro.local" name="com.spindrift.qa.automation.seleniumframework.core.WebDriverTest" tests="4" failures="0" timestamp="5 Jan 2012 22:47:06 GMT" time="6.444" errors="0">
  <testcase name="testWebdriverBackedSeleniumWithFirefox" time="2.217" classname="com.spindrift.qa.automation.seleniumframework.core.WebDriverTest"/>
  <testcase name="testWebdriverBackedSeleniumWithHtmlUnit" time="0.288" classname="com.spindrift.qa.automation.seleniumframework.core.WebDriverTest"/>
  <testcase name="testFirefoxDriver" time="2.321" classname="com.spindrift.qa.automation.seleniumframework.core.WebDriverTest"/>
  <testcase name="testHtmlUnitDriver" time="1.618" classname="com.spindrift.qa.automation.seleniumframework.core.WebDriverTest"/>
</testsuite>
