<?xml version="1.0" encoding="UTF-8"?>
<!-- Generated by org.testng.reporters.JUnitReportReporter -->
<testsuite hostname="Ravidev-Gills-MacBook-Pro.local" name="com.spindrift.qa.automation.seleniumframework.core.RegexHelperTest" tests="1" failures="0" timestamp="5 Jan 2012 22:47:06 GMT" time="0.006" errors="0">
  <testcase name="testRegex" time="0.006" classname="com.spindrift.qa.automation.seleniumframework.core.RegexHelperTest"/>
</testsuite>
